<?xml version="1.0" encoding="UTF-8"?>
<!-- Generated by org.testng.reporters.JUnitReportReporter -->
<testsuite hostname="QT-INHD-LT0805" failures="0" tests="1" name="Streams.Stream_basics" time="0.010" errors="0" timestamp="2022-10-31T10:26:22 IST" skipped="0">
  <testcase classname="Streams.Stream_basics" name="Test" time="0.010"/>
  <system-out/>
</testsuite> <!-- Streams.Stream_basics -->
