<?xml version="1.0" encoding="UTF-8"?>
<!-- Generated by org.testng.reporters.JUnitReportReporter -->
<testsuite hostname="QT-INHD-LT0805" failures="0" tests="1" name="com.All_test_Cases" time="11.313" errors="0" timestamp="2022-10-31T15:08:02 IST" skipped="0">
  <testcase classname="com.All_test_Cases" name="main" time="11.313"/>
  <system-out/>
</testsuite> <!-- com.All_test_Cases -->
