<?xml version="1.0" encoding="UTF-8"?>
<!-- Generated by org.testng.reporters.JUnitReportReporter -->
<testsuite hostname="QT-INHD-LT0805" failures="1" tests="1" name="Actions.Amazon_URL_Test" time="66.075" errors="0" timestamp="2022-10-31T12:03:42 IST" skipped="0">
  <testcase classname="Actions.Amazon_URL_Test" name="Test" time="66.075">
    <failure message="The following asserts failed:
	The link with TextBack to top is broken with code503 expected [true] but found [false],
	The link with TextInvestor Relations is broken with code404 expected [true] but found [false],
	The link with TextAmazon Devices is broken with code503 expected [true] but found [false],
	The link with TextSelf-Publish with Us is broken with code405 expected [true] but found [false],
	The link with TextSee More Make Money with Us is broken with code503 expected [true] but found [false],
	The link with TextAmazon Business Card is broken with code503 expected [true] but found [false],
	The link with TextShop with Points is broken with code503 expected [true] but found [false],
	The link with TextReload Your Balance is broken with code503 expected [true] but found [false],
	The link with TextAmazon Currency Converter is broken with code503 expected [true] but found [false],
	The link with TextAmazon and COVID-19 is broken with code405 expected [true] but found [false],
	The link with TextYour Account is broken with code503 expected [true] but found [false],
	The link with TextYour Orders is broken with code503 expected [true] but found [false],
	The link with TextShipping Rates &amp; Policies is broken with code503 expected [true] but found [false],
	The link with TextReturns &amp; Replacements is broken with code503 expected [true] but found [false],
	The link with TextManage Your Content and Devices is broken with code503 expected [true] but found [false],
	The link with TextAmazon Assistant is broken with code405 expected [true] but found [false],
	The link with TextHelp is broken with code503 expected [true] but found [false],
	The link with Text is broken with code503 expected [true] but found [false],
	The link with TextEnglish is broken with code405 expected [true] but found [false],
	The link with Text$USD - U.S. Dollar is broken with code405 expected [true] but found [false],
	The link with TextUnited States is broken with code405 expected [true] but found [false],
	The link with TextAmazon Drive
Cloud storage
from Amazon is broken with code503 expected [true] but found [false],
	The link with Text6pm
Score deals
on fashion brands is broken with code403 expected [true] but found [false],
	The link with TextAmazon Business
Everything For
Your Business is broken with code404 expected [true] but found [false],
	The link with TextAmazonGlobal
Ship Orders
Internationally is broken with code503 expected [true] but found [false],
	The link with TextHome Services
Experienced Pros
Happiness Guarantee is broken with code503 expected [true] but found [false],
	The link with TextComiXology
Thousands of
Digital Comics is broken with code405 expected [true] but found [false],
	The link with TextKindle Direct Publishing
Indie Digital &amp; Print Publishing
Made Easy is broken with code404 expected [true] but found [false],
	The link with TextWoot!
Deals and
Shenanigans is broken with code404 expected [true] but found [false],
	The link with TextZappos
Shoes &amp;
Clothing is broken with code403 expected [true] but found [false],
	The link with TextAmazon Subscription Boxes
Top subscription boxes – right to your door is broken with code503 expected [true] but found [false],
	The link with TextConditions of Use is broken with code503 expected [true] but found [false],
	The link with TextPrivacy Notice is broken with code503 expected [true] but found [false],
	The link with TextInterest-Based Ads is broken with code404 expected [true] but found [false]" type="java.lang.AssertionError">
      <![CDATA[java.lang.AssertionError: The following asserts failed:
The link with TextBack to top is broken with code503 expected [true] but found [false],
The link with TextInvestor Relations is broken with code404 expected [true] but found [false],
The link with TextAmazon Devices is broken with code503 expected [true] but found [false],
The link with TextSelf-Publish with Us is broken with code405 expected [true] but found [false],
The link with TextSee More Make Money with Us is broken with code503 expected [true] but found [false],
The link with TextAmazon Business Card is broken with code503 expected [true] but found [false],
The link with TextShop with Points is broken with code503 expected [true] but found [false],
The link with TextReload Your Balance is broken with code503 expected [true] but found [false],
The link with TextAmazon Currency Converter is broken with code503 expected [true] but found [false],
The link with TextAmazon and COVID-19 is broken with code405 expected [true] but found [false],
The link with TextYour Account is broken with code503 expected [true] but found [false],
The link with TextYour Orders is broken with code503 expected [true] but found [false],
The link with TextShipping Rates & Policies is broken with code503 expected [true] but found [false],
The link with TextReturns & Replacements is broken with code503 expected [true] but found [false],
The link with TextManage Your Content and Devices is broken with code503 expected [true] but found [false],
The link with TextAmazon Assistant is broken with code405 expected [true] but found [false],
The link with TextHelp is broken with code503 expected [true] but found [false],
The link with Text is broken with code503 expected [true] but found [false],
The link with TextEnglish is broken with code405 expected [true] but found [false],
The link with Text$USD - U.S. Dollar is broken with code405 expected [true] but found [false],
The link with TextUnited States is broken with code405 expected [true] but found [false],
The link with TextAmazon Drive
Cloud storage
from Amazon is broken with code503 expected [true] but found [false],
The link with Text6pm
Score deals
on fashion brands is broken with code403 expected [true] but found [false],
The link with TextAmazon Business
Everything For
Your Business is broken with code404 expected [true] but found [false],
The link with TextAmazonGlobal
Ship Orders
Internationally is broken with code503 expected [true] but found [false],
The link with TextHome Services
Experienced Pros
Happiness Guarantee is broken with code503 expected [true] but found [false],
The link with TextComiXology
Thousands of
Digital Comics is broken with code405 expected [true] but found [false],
The link with TextKindle Direct Publishing
Indie Digital & Print Publishing
Made Easy is broken with code404 expected [true] but found [false],
The link with TextWoot!
Deals and
Shenanigans is broken with code404 expected [true] but found [false],
The link with TextZappos
Shoes &
Clothing is broken with code403 expected [true] but found [false],
The link with TextAmazon Subscription Boxes
Top subscription boxes – right to your door is broken with code503 expected [true] but found [false],
The link with TextConditions of Use is broken with code503 expected [true] but found [false],
The link with TextPrivacy Notice is broken with code503 expected [true] but found [false],
The link with TextInterest-Based Ads is broken with code404 expected [true] but found [false]
at org.testng.asserts.SoftAssert.assertAll(SoftAssert.java:47)
at org.testng.asserts.SoftAssert.assertAll(SoftAssert.java:31)
at Actions.Amazon_URL_Test.Test(Amazon_URL_Test.java:43)
at java.base/jdk.internal.reflect.DirectMethodHandleAccessor.invoke(DirectMethodHandleAccessor.java:104)
at java.base/java.lang.reflect.Method.invoke(Method.java:577)
at org.testng.internal.MethodInvocationHelper.invokeMethod(MethodInvocationHelper.java:133)
at org.testng.internal.TestInvoker.invokeMethod(TestInvoker.java:598)
at org.testng.internal.TestInvoker.invokeTestMethod(TestInvoker.java:173)
at org.testng.internal.MethodRunner.runInSequence(MethodRunner.java:46)
at org.testng.internal.TestInvoker$MethodInvocationAgent.invoke(TestInvoker.java:824)
at org.testng.internal.TestInvoker.invokeTestMethods(TestInvoker.java:146)
at org.testng.internal.TestMethodWorker.invokeTestMethods(TestMethodWorker.java:146)
at org.testng.internal.TestMethodWorker.run(TestMethodWorker.java:128)
at java.base/java.util.ArrayList.forEach(ArrayList.java:1511)
at org.testng.TestRunner.privateRun(TestRunner.java:794)
at org.testng.TestRunner.run(TestRunner.java:596)
at org.testng.SuiteRunner.runTest(SuiteRunner.java:377)
at org.testng.SuiteRunner.runSequentially(SuiteRunner.java:371)
at org.testng.SuiteRunner.privateRun(SuiteRunner.java:332)
at org.testng.SuiteRunner.run(SuiteRunner.java:276)
at org.testng.SuiteRunnerWorker.runSuite(SuiteRunnerWorker.java:53)
at org.testng.SuiteRunnerWorker.run(SuiteRunnerWorker.java:96)
at org.testng.TestNG.runSuitesSequentially(TestNG.java:1212)
at org.testng.TestNG.runSuitesLocally(TestNG.java:1134)
at org.testng.TestNG.runSuites(TestNG.java:1063)
at org.testng.TestNG.run(TestNG.java:1031)
at org.testng.remote.AbstractRemoteTestNG.run(AbstractRemoteTestNG.java:115)
at org.testng.remote.RemoteTestNG.initAndRun(RemoteTestNG.java:251)
at org.testng.remote.RemoteTestNG.main(RemoteTestNG.java:77)
]]>
    </failure>
  </testcase> <!-- Test -->
  <system-out/>
</testsuite> <!-- Actions.Amazon_URL_Test -->
