<?xml version="1.0" encoding="UTF-8"?>
<!-- Generated by org.testng.reporters.JUnitReportReporter -->
<testsuite hostname="QT-INHD-LT0805" failures="0" tests="1" name="com.Amazon_TestCase_1" time="9.205" errors="0" timestamp="2022-11-02T12:19:47 IST" skipped="0">
  <testcase classname="com.Amazon_TestCase_1" name="Prob" time="9.205"/>
  <system-out/>
</testsuite> <!-- com.Amazon_TestCase_1 -->
