<?xml version="1.0" encoding="UTF-8"?>
<!-- Generated by org.testng.reporters.JUnitReportReporter -->
<testsuite hostname="QT-INHD-LT0805" failures="0" tests="1" name="Demo.Name_of_footerLinks_Amazon" time="14.288" errors="0" timestamp="2022-11-21T11:21:19 IST" skipped="0">
  <testcase classname="Demo.Name_of_footerLinks_Amazon" name="Test" time="14.288"/>
  <system-out/>
</testsuite> <!-- Demo.Name_of_footerLinks_Amazon -->
