<?xml version="1.0" encoding="UTF-8"?>
<!-- Generated by org.testng.reporters.JUnitReportReporter -->
<testsuite hostname="QT-INHD-LT0805" failures="0" tests="1" name="Demo.BigBasket" time="7.432" errors="0" timestamp="2022-11-01T10:47:18 IST" skipped="0">
  <testcase classname="Demo.BigBasket" name="Cart" time="7.432"/>
  <system-out/>
</testsuite> <!-- Demo.BigBasket -->
