<?xml version="1.0" encoding="UTF-8"?>
<!-- Generated by org.testng.reporters.JUnitReportReporter -->
<testsuite hostname="QT-INHD-LT0805" failures="0" tests="1" name="com.Amazon_Create_Account" time="11.108" errors="0" timestamp="2022-10-31T14:01:17 IST" skipped="0">
  <testcase classname="com.Amazon_Create_Account" name="Test" time="11.108"/>
  <system-out/>
</testsuite> <!-- com.Amazon_Create_Account -->
